model-1623928856,1623928856.519,in_sample,0.44,0.2501
model-1623928856,1623928856.569,in_sample,0.62,0.225
model-1623928856,1623928856.618,in_sample,0.62,0.2519
model-1623928856,1623928856.665,in_sample,0.62,0.2146
model-1623928856,1623928856.716,in_sample,0.62,0.2254
model-1623929002, 1623929002.995, 0.38, 0.2512, 0.58, 0.2453
model-1623929002, 1623929004.306, 0.5, 0.2501, 0.52, 0.2499
model-1623929002, 1623929005.744, 0.5, 0.2514, 0.5, 0.2511
model-1623929002, 1623929007.044, 0.62, 0.243, 0.61, 0.2441
model-1623929002, 1623929008.475, 0.44, 0.2516, 0.47, 0.2508
model-1623929002, 1623929009.821, 0.69, 0.245, 0.41, 0.253
model-1623929002, 1623929011.149, 0.56, 0.2469, 0.5, 0.2512
model-1623929002, 1623929012.533, 0.25, 0.2584, 0.48, 0.2507
model-1623929002, 1623929013.915, 0.44, 0.2504, 0.38, 0.2507
model-1623929002, 1623929015.321, 0.5, 0.25, 0.48, 0.2502
model-1623929002, 1623929016.678, 0.5, 0.25, 0.5, 0.25
model-1623929002, 1623929018.036, 0.81, 0.2478, 0.47, 0.2502
model-1623929002, 1623929019.442, 0.44, 0.2515, 0.48, 0.2505
model-1623929002, 1623929020.864, 0.5, 0.2502, 0.44, 0.2518
model-1623929002, 1623929022.292, 0.44, 0.2518, 0.5, 0.2501
model-1623929002, 1623929023.578, 0.38, 0.251, 0.5, 0.25
model-1623929002, 1623929024.934, 0.38, 0.2502, 0.55, 0.2499
